<?xml version="1.0" encoding="UTF-8"?>
<!-- Generated by org.testng.reporters.JUnitReportReporter -->
<testsuite name="com.qmetry.qaf.automation.step.client.Scenario" tests="1" time="0.008" ignored="0" failures="0" timestamp="09 Jan 2018 04:23:04 GMT" skipped="0" hostname="ICPL12225" errors="0">
  <testcase name="SampleTest" time="0.008" classname="com.qmetry.qaf.automation.step.client.Scenario"/>
</testsuite> <!-- com.qmetry.qaf.automation.step.client.Scenario -->
