<?xml version="1.0" encoding="UTF-8"?>
<!-- Generated by org.testng.reporters.JUnitReportReporter -->
<testsuite name="com.flipkartapp.steps.OrderFlowSteps" tests="1" time="2.227" ignored="0" failures="0" timestamp="09 Jan 2018 10:15:38 GMT" skipped="1" hostname="ICPL12225" errors="0">
  <testcase name="testOrderFlow" time="2.227" classname="com.flipkartapp.steps.OrderFlowSteps">
    <skipped/>
  </testcase> <!-- testOrderFlow -->
</testsuite> <!-- com.flipkartapp.steps.OrderFlowSteps -->
